<?xml version="1.0" encoding="UTF-8"?>
<testsuite name="ru.netology.service.CashbackHackSertviceTest" tests="3" skipped="0" failures="0" errors="0" timestamp="2021-10-14T13:17:43" hostname="NB-0085" time="0.004">
  <properties/>
  <testcase name="shouldRemain500IfAmountIs1500" classname="ru.netology.service.CashbackHackSertviceTest" time="0.004"/>
  <testcase name="shouldRemain500IfAmountIs500" classname="ru.netology.service.CashbackHackSertviceTest" time="0.0"/>
  <testcase name="shouldRemain100IfAmountIs900" classname="ru.netology.service.CashbackHackSertviceTest" time="0.0"/>
  <system-out><![CDATA[]]></system-out>
  <system-err><![CDATA[]]></system-err>
</testsuite>
